Build started 2/06/2015 1:42:24 PM.
     1>Project "C:\Users\Andrew\Documents\ArtificialIntelligence\Neural\NeuralNet\NeuralNet\NeuralNet.vcxproj" on node 2 (Rebuild target(s)).
     1>ClCompile:
         C:\Program Files (x86)\Microsoft Visual Studio 12.0\VC\bin\CL.exe /c /I"C:\Users\Andrew\Documents\ArtificialIntelligence\Neural\NeuralNet\dep\glfw-3.1.bin.WIN32\include" /ZI /nologo /W3 /WX- /sdl /Od /Oy- /D WIN32 /D _DEBUG /D _CONSOLE /D _LIB /D _UNICODE /D UNICODE /Gm /EHsc /RTC1 /MDd /GS /fp:precise /Zc:wchar_t /Zc:forScope /Fo"Debug\\" /Fd"Debug\vc120.pdb" /Gd /TP /analyze- /errorReport:prompt Checkers.cpp CheckersController.cpp GameController.cpp GeneticAlg.cpp main.cpp MCTS.cpp NeuralNet.cpp TicTacAI.cpp Tictactoe.cpp
         Tictactoe.cpp
     1>c:\users\andrew\documents\artificialintelligence\neural\neuralnet\neuralnet\tictactoe.cpp(144): warning C4018: '<' : signed/unsigned mismatch
     1>c:\users\andrew\documents\artificialintelligence\neural\neuralnet\neuralnet\tictactoe.cpp(166): warning C4018: '<' : signed/unsigned mismatch
         TicTacAI.cpp
     1>c:\users\andrew\documents\artificialintelligence\neural\neuralnet\neuralnet\tictacai.cpp(22): warning C4018: '<' : signed/unsigned mismatch
     1>c:\users\andrew\documents\artificialintelligence\neural\neuralnet\neuralnet\tictacai.cpp(24): warning C4244: 'argument' : conversion from 'int' to 'const float', possible loss of data
     1>c:\users\andrew\documents\artificialintelligence\neural\neuralnet\neuralnet\tictacai.cpp(25): warning C4244: 'argument' : conversion from 'int' to 'const float', possible loss of data
     1>c:\users\andrew\documents\artificialintelligence\neural\neuralnet\neuralnet\tictacai.cpp(41): warning C4018: '<' : signed/unsigned mismatch
         NeuralNet.cpp
     1>c:\users\andrew\documents\artificialintelligence\neural\neuralnet\neuralnet\neuralnet.cpp(9): warning C4244: 'argument' : conversion from 'double' to 'float', possible loss of data
     1>c:\users\andrew\documents\artificialintelligence\neural\neuralnet\neuralnet\neuralnet.cpp(16): warning C4018: '<' : signed/unsigned mismatch
     1>c:\users\andrew\documents\artificialintelligence\neural\neuralnet\neuralnet\neuralnet.cpp(40): warning C4018: '<' : signed/unsigned mismatch
     1>c:\users\andrew\documents\artificialintelligence\neural\neuralnet\neuralnet\neuralnet.cpp(60): warning C4018: '<' : signed/unsigned mismatch
     1>c:\users\andrew\documents\artificialintelligence\neural\neuralnet\neuralnet\neuralnet.cpp(63): warning C4018: '<' : signed/unsigned mismatch
     1>c:\users\andrew\documents\artificialintelligence\neural\neuralnet\neuralnet\neuralnet.cpp(66): warning C4018: '<' : signed/unsigned mismatch
     1>c:\users\andrew\documents\artificialintelligence\neural\neuralnet\neuralnet\neuralnet.cpp(81): warning C4018: '<' : signed/unsigned mismatch
     1>c:\users\andrew\documents\artificialintelligence\neural\neuralnet\neuralnet\neuralnet.cpp(84): warning C4018: '<' : signed/unsigned mismatch
     1>c:\users\andrew\documents\artificialintelligence\neural\neuralnet\neuralnet\neuralnet.cpp(87): warning C4018: '<' : signed/unsigned mismatch
     1>c:\users\andrew\documents\artificialintelligence\neural\neuralnet\neuralnet\neuralnet.cpp(102): warning C4018: '<' : signed/unsigned mismatch
     1>c:\users\andrew\documents\artificialintelligence\neural\neuralnet\neuralnet\neuralnet.cpp(105): warning C4018: '<' : signed/unsigned mismatch
     1>c:\users\andrew\documents\artificialintelligence\neural\neuralnet\neuralnet\neuralnet.cpp(108): warning C4018: '<' : signed/unsigned mismatch
     1>c:\users\andrew\documents\artificialintelligence\neural\neuralnet\neuralnet\neuralnet.cpp(129): warning C4018: '<' : signed/unsigned mismatch
     1>c:\users\andrew\documents\artificialintelligence\neural\neuralnet\neuralnet\neuralnet.cpp(141): warning C4018: '<' : signed/unsigned mismatch
         MCTS.cpp
     1>c:\users\andrew\documents\artificialintelligence\neural\neuralnet\neuralnet\mcts.cpp(16): warning C4018: '<' : signed/unsigned mismatch
         main.cpp
     1>c:\users\andrew\documents\artificialintelligence\neural\neuralnet\neuralnet\main.cpp(85): warning C4018: '<' : signed/unsigned mismatch
     1>c:\users\andrew\documents\artificialintelligence\neural\neuralnet\neuralnet\main.cpp(322): warning C4244: 'argument' : conversion from 'time_t' to 'unsigned int', possible loss of data
         GeneticAlg.cpp
     1>c:\users\andrew\documents\artificialintelligence\neural\neuralnet\neuralnet\geneticalg.cpp(21): warning C4305: 'initializing' : truncation from 'int' to 'float'
     1>c:\users\andrew\documents\artificialintelligence\neural\neuralnet\neuralnet\geneticalg.cpp(29): warning C4244: 'argument' : conversion from 'double' to 'float', possible loss of data
     1>c:\users\andrew\documents\artificialintelligence\neural\neuralnet\neuralnet\geneticalg.cpp(44): warning C4244: '+=' : conversion from 'double' to 'float', possible loss of data
     1>c:\users\andrew\documents\artificialintelligence\neural\neuralnet\neuralnet\geneticalg.cpp(53): warning C4244: 'initializing' : conversion from 'double' to 'float', possible loss of data
     1>c:\users\andrew\documents\artificialintelligence\neural\neuralnet\neuralnet\geneticalg.cpp(103): warning C4018: '<' : signed/unsigned mismatch
     1>c:\users\andrew\documents\artificialintelligence\neural\neuralnet\neuralnet\geneticalg.cpp(191): warning C4018: '<' : signed/unsigned mismatch
         GameController.cpp
     1>c:\users\andrew\documents\artificialintelligence\neural\neuralnet\neuralnet\gamecontroller.cpp(17): warning C4018: '<' : signed/unsigned mismatch
     1>c:\users\andrew\documents\artificialintelligence\neural\neuralnet\neuralnet\gamecontroller.cpp(31): warning C4018: '<' : signed/unsigned mismatch
     1>c:\users\andrew\documents\artificialintelligence\neural\neuralnet\neuralnet\gamecontroller.cpp(92): warning C4018: '<' : signed/unsigned mismatch
     1>c:\users\andrew\documents\artificialintelligence\neural\neuralnet\neuralnet\gamecontroller.cpp(94): warning C4018: '<' : signed/unsigned mismatch
     1>c:\users\andrew\documents\artificialintelligence\neural\neuralnet\neuralnet\gamecontroller.cpp(129): warning C4018: '<' : signed/unsigned mismatch
     1>c:\users\andrew\documents\artificialintelligence\neural\neuralnet\neuralnet\gamecontroller.cpp(138): warning C4018: '<' : signed/unsigned mismatch
     1>c:\users\andrew\documents\artificialintelligence\neural\neuralnet\neuralnet\gamecontroller.cpp(140): warning C4018: '<' : signed/unsigned mismatch
     1>c:\users\andrew\documents\artificialintelligence\neural\neuralnet\neuralnet\gamecontroller.cpp(185): warning C4018: '<' : signed/unsigned mismatch
     1>c:\users\andrew\documents\artificialintelligence\neural\neuralnet\neuralnet\gamecontroller.cpp(195): warning C4244: 'argument' : conversion from 'float' to 'unsigned int', possible loss of data
     1>c:\users\andrew\documents\artificialintelligence\neural\neuralnet\neuralnet\gamecontroller.cpp(207): warning C4018: '<' : signed/unsigned mismatch
     1>c:\users\andrew\documents\artificialintelligence\neural\neuralnet\neuralnet\gamecontroller.cpp(220): warning C4018: '<' : signed/unsigned mismatch
         CheckersController.cpp
     1>c:\users\andrew\documents\artificialintelligence\neural\neuralnet\neuralnet\checkerscontroller.cpp(46): warning C4800: 'int' : forcing value to bool 'true' or 'false' (performance warning)
     1>c:\users\andrew\documents\artificialintelligence\neural\neuralnet\neuralnet\checkerscontroller.cpp(51): warning C4800: 'int' : forcing value to bool 'true' or 'false' (performance warning)
     1>c:\users\andrew\documents\artificialintelligence\neural\neuralnet\neuralnet\checkerscontroller.cpp(59): warning C4800: 'int' : forcing value to bool 'true' or 'false' (performance warning)
         Checkers.cpp
     1>c:\users\andrew\documents\artificialintelligence\neural\neuralnet\neuralnet\checkers.cpp(336): warning C4800: '__int64' : forcing value to bool 'true' or 'false' (performance warning)
     1>c:\users\andrew\documents\artificialintelligence\neural\neuralnet\neuralnet\checkers.cpp(466): warning C4800: '__int64' : forcing value to bool 'true' or 'false' (performance warning)
         Generating Code...
       Link:
         C:\Program Files (x86)\Microsoft Visual Studio 12.0\VC\bin\link.exe /ERRORREPORT:PROMPT /OUT:"C:\Users\Andrew\Documents\ArtificialIntelligence\Neural\NeuralNet\Debug\NeuralNet.exe" /INCREMENTAL /NOLOGO /LIBPATH:"C:\Users\Andrew\Documents\ArtificialIntelligence\Neural\NeuralNet\dep\glfw-3.1.bin.WIN32\lib-vc2013" kernel32.lib user32.lib gdi32.lib winspool.lib comdlg32.lib advapi32.lib shell32.lib ole32.lib oleaut32.lib uuid.lib odbc32.lib odbccp32.lib /MANIFEST /MANIFESTUAC:"level='asInvoker' uiAccess='false'" /manifest:embed /DEBUG /PDB:"C:\Users\Andrew\Documents\ArtificialIntelligence\Neural\NeuralNet\Debug\NeuralNet.pdb" /SUBSYSTEM:CONSOLE /TLBID:1 /DYNAMICBASE /NXCOMPAT /IMPLIB:"C:\Users\Andrew\Documents\ArtificialIntelligence\Neural\NeuralNet\Debug\NeuralNet.lib" /MACHINE:X86 Debug\Checkers.obj
         Debug\CheckersController.obj
         Debug\GameController.obj
         Debug\GeneticAlg.obj
         Debug\main.obj
         Debug\MCTS.obj
         Debug\NeuralNet.obj
         Debug\TicTacAI.obj
         Debug\Tictactoe.obj
         NeuralNet.vcxproj -> C:\Users\Andrew\Documents\ArtificialIntelligence\Neural\NeuralNet\Debug\NeuralNet.exe
     1>Done Building Project "C:\Users\Andrew\Documents\ArtificialIntelligence\Neural\NeuralNet\NeuralNet\NeuralNet.vcxproj" (Rebuild target(s)).

Build succeeded.

Time Elapsed 00:00:06.89
