c:\users\andrew.giannopoulos\desktop\neural\neuralnet\neuralnet\debug\vc120.pdb
c:\users\andrew.giannopoulos\desktop\neural\neuralnet\neuralnet\debug\vc120.idb
c:\users\andrew.giannopoulos\desktop\neural\neuralnet\neuralnet\debug\main.obj
c:\users\andrew.giannopoulos\desktop\neural\neuralnet\neuralnet\debug\tictactoe.obj
c:\users\andrew.giannopoulos\desktop\ai\neural\neuralnet\neuralnet\debug\vc120.pdb
c:\users\andrew.giannopoulos\desktop\ai\neural\neuralnet\neuralnet\debug\vc120.idb
c:\users\andrew.giannopoulos\desktop\ai\neural\neuralnet\neuralnet\debug\main.obj
c:\users\andrew.giannopoulos\desktop\ai\neural\neuralnet\neuralnet\debug\neuralnet.obj
c:\users\andrew.giannopoulos\desktop\ai\neural\neuralnet\neuralnet\debug\tictactoe.obj
x:\workspace\ai\neural\neuralnet\neuralnet\debug\vc120.pdb
x:\workspace\ai\neural\neuralnet\neuralnet\debug\vc120.idb
x:\workspace\ai\neural\neuralnet\neuralnet\debug\main.obj
x:\workspace\ai\neural\neuralnet\neuralnet\debug\tictactoe.obj
c:\users\andrew.giannopoulos\desktop\neural\neuralnet\debug\neuralnet.ilk
c:\users\andrew.giannopoulos\desktop\neural\neuralnet\debug\neuralnet.exe
c:\users\andrew.giannopoulos\desktop\neural\neuralnet\debug\neuralnet.pdb
c:\users\andrew.giannopoulos\desktop\ai\neural\neuralnet\debug\neuralnet.ilk
c:\users\andrew.giannopoulos\desktop\ai\neural\neuralnet\debug\neuralnet.exe
c:\users\andrew.giannopoulos\desktop\ai\neural\neuralnet\debug\neuralnet.pdb
x:\workspace\ai\neural\neuralnet\neuralnet\debug\neuralnet.tlog\cl.command.1.tlog
x:\workspace\ai\neural\neuralnet\neuralnet\debug\neuralnet.tlog\cl.read.1.tlog
x:\workspace\ai\neural\neuralnet\neuralnet\debug\neuralnet.tlog\cl.write.1.tlog
x:\workspace\ai\neural\neuralnet\neuralnet\debug\neuralnet.tlog\link.command.1.tlog
x:\workspace\ai\neural\neuralnet\neuralnet\debug\neuralnet.tlog\link.read.1.tlog
x:\workspace\ai\neural\neuralnet\neuralnet\debug\neuralnet.tlog\link.write.1.tlog
